TN:
SF:src/contexts/backgroundContext.tsx
FN:5,BackgroundProvider
FN:14,useBackground
FNF:2
FNH:1
FNDA:0,BackgroundProvider
FNDA:1,useBackground
DA:1,1
DA:2,1
DA:3,1
DA:4,1
DA:5,1
DA:6,0
DA:7,0
DA:8,0
DA:9,0
DA:10,0
DA:11,0
DA:12,0
DA:13,1
DA:14,1
LF:14
LH:7
BRDA:14,0,0,1
BRF:1
BRH:1
end_of_record
TN:
SF:src/hooks/useScroll.ts
FN:3,useScroll
FN:6,throttle
FN:16,onScroll
FNF:3
FNH:2
FNDA:1,useScroll
FNDA:1,throttle
FNDA:0,onScroll
DA:1,1
DA:2,1
DA:3,1
DA:4,1
DA:5,1
DA:6,1
DA:7,1
DA:8,1
DA:9,0
DA:10,0
DA:11,0
DA:12,0
DA:13,1
DA:14,1
DA:15,1
DA:16,1
DA:17,0
DA:18,1
DA:19,1
DA:20,1
DA:21,1
DA:22,1
DA:23,1
DA:24,1
DA:25,1
DA:26,1
DA:27,1
LF:27
LH:22
BRDA:3,0,0,1
BRDA:6,1,0,1
BRDA:20,2,0,1
BRF:3
BRH:3
end_of_record
TN:
SF:src/pages/Hero.tsx
FN:7,Hero
FNF:1
FNH:1
FNDA:1,Hero
DA:1,1
DA:2,1
DA:3,1
DA:4,1
DA:5,1
DA:6,1
DA:7,1
DA:8,1
DA:9,1
DA:10,1
DA:11,1
DA:12,1
DA:13,1
DA:14,0
DA:15,0
DA:16,0
DA:17,0
DA:18,1
DA:19,1
DA:20,1
DA:21,1
DA:22,1
DA:23,1
DA:24,1
DA:25,1
DA:26,1
DA:27,1
DA:28,1
LF:28
LH:24
BRDA:7,0,0,1
BRDA:11,1,0,1
BRDA:13,2,0,0
BRF:3
BRH:2
end_of_record
