TN:
SF:src/hooks/useScroll.ts
FN:3,useScroll
FN:7,throttle
FN:20,onScroll
FNF:3
FNH:3
FNDA:2,useScroll
FNDA:1,throttle
FNDA:1,onScroll
DA:1,1
DA:2,1
DA:3,1
DA:4,2
DA:5,2
DA:6,2
DA:7,2
DA:8,1
DA:9,1
DA:10,1
DA:11,1
DA:12,1
DA:13,1
DA:14,1
DA:15,1
DA:16,1
DA:17,1
DA:18,2
DA:19,2
DA:20,2
DA:21,1
DA:22,2
DA:23,2
DA:24,2
DA:25,1
DA:26,2
DA:27,2
DA:28,2
DA:29,2
DA:30,1
DA:31,1
LF:31
LH:31
BRDA:3,0,0,2
BRDA:7,1,0,1
BRDA:10,2,0,1
BRDA:20,3,0,1
BRDA:24,4,0,1
BRF:5
BRH:5
end_of_record
TN:
SF:src/pages/Hero.tsx
FN:7,Hero
FNF:1
FNH:1
FNDA:2,Hero
DA:1,1
DA:2,1
DA:3,1
DA:4,1
DA:5,1
DA:6,1
DA:7,1
DA:8,2
DA:9,2
DA:10,2
DA:11,2
DA:12,2
DA:13,2
DA:14,2
DA:15,2
DA:16,2
DA:17,2
DA:18,2
DA:19,2
DA:20,2
DA:21,2
DA:22,2
DA:23,2
DA:24,2
DA:25,2
DA:26,2
DA:27,2
DA:28,1
DA:29,1
DA:30,1
DA:31,2
DA:32,2
DA:33,2
DA:34,1
LF:34
LH:34
BRDA:7,0,0,2
BRDA:27,1,0,1
BRDA:14,2,0,2
BRF:3
BRH:3
end_of_record
